[2021-07-30T13:45:15.883] [INFO] app - OutputToken loaded:0x89f2a5463ef4e4176e57eef2b2fdd256bf4bc2bd / CIFI / 18
[2021-07-30T13:56:33.683] [INFO] app - OutputToken loaded:0x89f2a5463ef4e4176e57eef2b2fdd256bf4bc2bd / CIFI / 18
[2021-07-30T14:20:41.310] [INFO] app - OutputToken loaded:0x89f2a5463ef4e4176e57eef2b2fdd256bf4bc2bd / CIFI / 18
[2021-07-30T14:56:37.527] [INFO] app - OutputToken loaded:0x89f2a5463ef4e4176e57eef2b2fdd256bf4bc2bd / CIFI / 18
[2021-07-30T15:55:54.530] [INFO] app - OutputToken loaded:0x82a479264b36104be4fdb91618a59a4fc0f50650 / BIRB / 18
[2021-07-30T15:56:22.840] [INFO] app - OutputToken loaded:0x82a479264b36104be4fdb91618a59a4fc0f50650 / BIRB / 18
[2021-07-30T15:56:34.423] [WARN] app - Transfer.event:  0x8f214879174334E398E6b759Bab4dF5bB6845adE 0x95F28F23F0d774366F3927Cc28C0d1bB39a5D0e8 6307642528227980540304
[2021-07-30T15:56:34.429] [WARN] app - Transfer.event:  0x95F28F23F0d774366F3927Cc28C0d1bB39a5D0e8 0x8F53e5940d5ADFB07e271d2812DCcdb5B6380C62 2834430164044891474652
[2021-07-30T15:56:53.912] [WARN] app - Transfer.event:  0xb4EC5F282DFdAA5110c25baCe8B43F0a723d2aD7 0x34b463fe37DA752150dD6cF509B7BffACd544644 98241000000000000000000
[2021-07-30T15:59:22.007] [WARN] app - Transfer.event:  0x5d51a03AA7eA20cd6cD237d519D565cbD7AFFEd3 0x95F28F23F0d774366F3927Cc28C0d1bB39a5D0e8 1274439436774922198140
[2021-07-30T16:00:21.451] [WARN] app - Transfer.event:  0x95F28F23F0d774366F3927Cc28C0d1bB39a5D0e8 0x9237654A7B3A88b66A850780E1D8718099b3F4D3 96150733186531908441
[2021-07-30T16:00:45.419] [WARN] app - Transfer.event:  0x2db5fB46c55483DB2B04DDE69A1788d6Bd79cE5E 0x722053Af0cf9F6c6dBB6d9bEC96D8be7E07bb52E 2009169552005311121
[2021-07-30T16:00:55.046] [WARN] app - Transfer.event:  0x8A97f50c5391f79727b8d3579B3e684FeDF1f237 0x95F28F23F0d774366F3927Cc28C0d1bB39a5D0e8 4294837770043943492924
[2021-07-30T16:01:02.470] [WARN] app - Transfer.event:  0x95F28F23F0d774366F3927Cc28C0d1bB39a5D0e8 0x8F53e5940d5ADFB07e271d2812DCcdb5B6380C62 2442711476333859894452
[2021-07-30T16:01:14.226] [WARN] app - Transfer.event:  0xA0348014a71949557e3feF7Ce75cAD0F87A671A5 0x04BDAD4BB6303b204091b1AE6EC923CD3F99B1Ce 5573000000000000000000
[2021-07-30T16:01:26.300] [WARN] app - Transfer.event:  0xAffD843B548f70cC586cDecB2dd0e85BE5349e96 0x65CcfceedF63992badFfe93E0A2581EA251f37B1 73576215189744865076
[2021-07-30T16:02:07.379] [WARN] app - Transfer.event:  0xA0348014a71949557e3feF7Ce75cAD0F87A671A5 0xfe5c47Ab98d531764d271af7dF6961677fAa1FB2 5675000000000000000000
[2021-07-30T16:02:33.887] [WARN] app - Transfer.event:  0xf1273e0331B36E570CBF2A48e7e5c5240735DB1D 0x2f62a139bCD1015A8a5202531F3c1f745Bc8D32C 56350914994111230710
[2021-07-30T16:02:41.991] [WARN] app - Transfer.event:  0xf0d2df14FD032Aa8B95f6eDf87Fa3C72540fe280 0x2f62a139bCD1015A8a5202531F3c1f745Bc8D32C 344051493788040007068
[2021-07-30T16:02:41.997] [WARN] app - Transfer.event:  0xA0348014a71949557e3feF7Ce75cAD0F87A671A5 0x06F3E07965Af47cD7AF2d66d69181b7B6a87054D 6255000000000000000000
[2021-07-30T16:02:42.003] [WARN] app - Transfer.event:  0xf3503bC338De8e11d542f414dD6b39f80251AEDf 0x2f62a139bCD1015A8a5202531F3c1f745Bc8D32C 170224867305530349001
[2021-07-30T16:03:13.943] [WARN] app - Transfer.event:  0xB5E67F5b9F8e49d517dDe7dFfaBe14ccccf59782 0x95F28F23F0d774366F3927Cc28C0d1bB39a5D0e8 106155970715649364282
[2021-07-30T16:03:13.956] [WARN] app - Transfer.event:  0x95F28F23F0d774366F3927Cc28C0d1bB39a5D0e8 0xfF6015D9f5e5Ca641C7d5EBEF74723d5E7c72047 170087140747408911660
[2021-07-30T16:03:18.150] [WARN] app - Transfer.event:  0x183aC0B0a85FB9256917cc12118b5b19618D99d6 0x95F28F23F0d774366F3927Cc28C0d1bB39a5D0e8 2194068084657641684471
[2021-07-30T16:03:45.453] [WARN] app - Transfer.event:  0xA0348014a71949557e3feF7Ce75cAD0F87A671A5 0x08EdC63780D8b1f5a8b93E099F4f438dC0f37a2c 6755000000000000000000
[2021-07-30T16:03:45.461] [WARN] app - Transfer.event:  0x95F28F23F0d774366F3927Cc28C0d1bB39a5D0e8 0x30FB714DDCAE4C45739a9e2522D74bE815699B3f 108764863404050690142
[2021-07-30T16:04:22.127] [WARN] app - Transfer.event:  0x95F28F23F0d774366F3927Cc28C0d1bB39a5D0e8 0x856491d223d22B834647416eC69D05c638CD3248 136190571799625879818
[2021-07-30T16:04:30.904] [WARN] app - Transfer.event:  0x53Ff461E9ac5B826766CBefbEb063051f03cC67e 0x95F28F23F0d774366F3927Cc28C0d1bB39a5D0e8 14032292892317036141
[2021-07-30T16:05:06.886] [WARN] app - Transfer.event:  0xA0348014a71949557e3feF7Ce75cAD0F87A671A5 0x3f006139a6D0E657854C03333df180ae3d8f765a 61750704468489871962941
[2021-07-30T16:05:30.465] [WARN] app - Transfer.event:  0x726245321Afd288Bf15EcA6482817E8B048739dC 0x8F53e5940d5ADFB07e271d2812DCcdb5B6380C62 61582640130750551829
[2021-07-30T16:05:34.966] [WARN] app - Transfer.event:  0x95F28F23F0d774366F3927Cc28C0d1bB39a5D0e8 0x9D7e7da7795b6FF61f801B7AA7d0c27484786843 85152054801318304794
[2021-07-30T16:05:42.750] [WARN] app - Transfer.event:  0x95F28F23F0d774366F3927Cc28C0d1bB39a5D0e8 0xED18e3b9Cb09eE80e2907FF0bDF340bD11d35615 212639237348133697786
[2021-07-30T16:06:06.746] [WARN] app - Transfer.event:  0x22C48F5062638805958a5140966CadeafcA801d0 0x04BDAD4BB6303b204091b1AE6EC923CD3F99B1Ce 56227733565883431799736
[2021-07-30T16:06:22.461] [WARN] app - Transfer.event:  0x2f62a139bCD1015A8a5202531F3c1f745Bc8D32C 0x8F53e5940d5ADFB07e271d2812DCcdb5B6380C62 600491421832737728066
[2021-07-30T16:06:34.970] [WARN] app - Transfer.event:  0xAffD843B548f70cC586cDecB2dd0e85BE5349e96 0xDc5e72cdF5f6204D23C66b3Ce7fe1e814C6a3f3d 454157851799503368042
[2021-07-30T16:07:02.852] [WARN] app - Transfer.event:  0xDc5e72cdF5f6204D23C66b3Ce7fe1e814C6a3f3d 0x8F53e5940d5ADFB07e271d2812DCcdb5B6380C62 454157851799503368042
[2021-07-30T16:08:19.239] [WARN] app - Transfer.event:  0xbA3AFd442399f3EcE9DCdDf958393b5B3C33198c 0x95F28F23F0d774366F3927Cc28C0d1bB39a5D0e8 391714893451162507271
[2021-07-30T16:10:07.208] [WARN] app - Transfer.event:  0x1Ef58f3c4De193c7879F668964EcBA2C67C33694 0x95F28F23F0d774366F3927Cc28C0d1bB39a5D0e8 2740000000000000000000
[2021-07-30T16:10:10.421] [WARN] app - Transfer.event:  0xAffD843B548f70cC586cDecB2dd0e85BE5349e96 0x6B53Bcb0FfB357Ab897b6780b7bD4172a8ffdd68 43272593603924247154
[2021-07-30T16:10:27.154] [WARN] app - Transfer.event:  0xAdd5368de97e2110285C9EbeE398c90639e4C0e0 0xfe5c47Ab98d531764d271af7dF6961677fAa1FB2 56125000000000000000000
[2021-07-30T16:10:43.023] [WARN] app - Transfer.event:  0xAffD843B548f70cC586cDecB2dd0e85BE5349e96 0x9dD13178218A5Ff936dEf4535Ca9F20ccF5b6359 59609473504671894778
